<?xml version="1.0" encoding="UTF-8"?>
<testng-results ignored="0" total="1" passed="1" failed="0" skipped="0">
  <reporter-output>
  </reporter-output>
  <suite started-at="2020-06-19T12:24:17 IST" name="Command line suite" finished-at="2020-06-19T12:24:17 IST" duration-ms="31">
    <groups>
    </groups>
    <test started-at="2020-06-19T12:24:17 IST" name="Command line test" finished-at="2020-06-19T12:24:17 IST" duration-ms="31">
      <class name="mavenjava.AppTest">
        <test-method signature="testApp()[pri:0, instance:testApp(mavenjava.AppTest)]" started-at="2020-06-19T12:24:17 IST" name="testApp" finished-at="2020-06-19T12:24:17 IST" duration-ms="2" status="PASS">
          <reporter-output>
          </reporter-output>
        </test-method> <!-- testApp -->
      </class> <!-- mavenjava.AppTest -->
    </test> <!-- Command line test -->
  </suite> <!-- Command line suite -->
</testng-results>
