<?xml version="1.0" encoding="UTF-8"?>
<!-- Generated by org.testng.reporters.JUnitXMLReporter -->
<testsuite ignored="0" hostname="Nk" failures="0" tests="3" name="Command line test" time="0.07" errors="0" timestamp="2020-06-19T12:25:12 IST">
  <testcase classname="mavenjava.APITest" name="request" time="0.006"/>
  <testcase classname="mavenjava.SelTest" name="browserauto" time="0.0"/>
  <testcase classname="mavenjava.SelTest" name="elements" time="0.001"/>
</testsuite> <!-- Command line test -->
