<?xml version="1.0" encoding="UTF-8"?>
<testng-results ignored="0" total="2" passed="2" failed="0" skipped="0">
  <reporter-output>
  </reporter-output>
  <suite started-at="2020-06-19T13:19:19 IST" name="Suite" finished-at="2020-06-19T13:19:19 IST" duration-ms="57">
    <groups>
    </groups>
    <test started-at="2020-06-19T13:19:19 IST" name="Test" finished-at="2020-06-19T13:19:19 IST" duration-ms="57">
      <class name="mavenjava.SelTest">
        <test-method signature="browserauto()[pri:0, instance:mavenjava.SelTest@4c15e7fd]" started-at="2020-06-19T13:19:19 IST" name="browserauto" finished-at="2020-06-19T13:19:19 IST" duration-ms="6" status="PASS">
          <reporter-output>
          </reporter-output>
        </test-method> <!-- browserauto -->
        <test-method signature="elements()[pri:0, instance:mavenjava.SelTest@4c15e7fd]" started-at="2020-06-19T13:19:19 IST" name="elements" finished-at="2020-06-19T13:19:19 IST" duration-ms="1" status="PASS">
          <reporter-output>
          </reporter-output>
        </test-method> <!-- elements -->
      </class> <!-- mavenjava.SelTest -->
    </test> <!-- Test -->
  </suite> <!-- Suite -->
</testng-results>
