<?xml version="1.0" encoding="UTF-8"?>
<testng-results ignored="0" total="1" passed="1" failed="0" skipped="0">
  <reporter-output>
  </reporter-output>
  <suite started-at="2020-06-20T22:07:24 IST" name="Default suite" finished-at="2020-06-20T22:07:38 IST" duration-ms="14065">
    <groups>
    </groups>
    <test started-at="2020-06-20T22:07:24 IST" name="Default test" finished-at="2020-06-20T22:07:38 IST" duration-ms="14065">
      <class name="mavenjava.extentreport">
        <test-method is-config="true" signature="config()[pri:0, instance:mavenjava.extentreport@10feca44]" started-at="2020-06-20T22:07:24 IST" name="config" finished-at="2020-06-20T22:07:24 IST" duration-ms="392" status="PASS">
          <reporter-output>
          </reporter-output>
        </test-method> <!-- config -->
        <test-method signature="initial()[pri:0, instance:mavenjava.extentreport@10feca44]" started-at="2020-06-20T22:07:24 IST" name="initial" finished-at="2020-06-20T22:07:38 IST" duration-ms="13581" status="PASS">
          <reporter-output>
          </reporter-output>
        </test-method> <!-- initial -->
      </class> <!-- mavenjava.extentreport -->
    </test> <!-- Default test -->
  </suite> <!-- Default suite -->
</testng-results>
